[19-Jan-2026 20:39:40 Australia/Sydney] [Admin] Password reset failed for member #9: SQLSTATE[HY093]: Invalid parameter number
[21-Feb-2026 17:29:36 Australia/Sydney] PHP Fatal error:  Uncaught Error: Call to undefined method App\Services\SettingsService::getStoreSettings() in Command line code:1
Stack trace:
#0 {main}
  thrown in Command line code on line 1
[21-Feb-2026 17:57:48 Australia/Sydney] PHP Fatal error:  Uncaught PDOException: SQLSTATE[23000]: Integrity constraint violation: 1052 Column 'user_id' in field list is ambiguous in Command line code:1
Stack trace:
#0 Command line code(1): PDO->query('SELECT user_id,...')
#1 {main}
  thrown in Command line code on line 1
[22-Feb-2026 15:12:47 Australia/Sydney] PHP Fatal error:  Uncaught PDOException: SQLSTATE[42S02]: Base table or view not found: 1146 Table 'goldwing.activity_logs' doesn't exist in Command line code:1
Stack trace:
#0 Command line code(1): PDO->query('SELECT * FROM a...')
#1 {main}
  thrown in Command line code on line 1
[09-Mar-2026 19:47:28 Australia/Sydney] PHP Warning:  Undefined variable $pdo in /Users/patorama/vibe_coding_projects/Goldwing Website/public_html/admin/migration_wings_downloads.php on line 4
[09-Mar-2026 19:47:28 Australia/Sydney] PHP Fatal error:  Uncaught Error: Call to a member function exec() on null in /Users/patorama/vibe_coding_projects/Goldwing Website/public_html/admin/migration_wings_downloads.php:4
Stack trace:
#0 {main}
  thrown in /Users/patorama/vibe_coding_projects/Goldwing Website/public_html/admin/migration_wings_downloads.php on line 4
[09-Mar-2026 19:47:58 Australia/Sydney] PHP Warning:  require_once(/Users/patorama/vibe_coding_projects/Goldwing Website/public_html/admin/../../app/config/database.php): Failed to open stream: No such file or directory in /Users/patorama/vibe_coding_projects/Goldwing Website/public_html/admin/migration_wings_downloads.php on line 6
[09-Mar-2026 19:47:58 Australia/Sydney] PHP Fatal error:  Uncaught Error: Failed opening required '/Users/patorama/vibe_coding_projects/Goldwing Website/public_html/admin/../../app/config/database.php' (include_path='.:/opt/homebrew/Cellar/php/8.5.1_2/share/php/pear') in /Users/patorama/vibe_coding_projects/Goldwing Website/public_html/admin/migration_wings_downloads.php:6
Stack trace:
#0 {main}
  thrown in /Users/patorama/vibe_coding_projects/Goldwing Website/public_html/admin/migration_wings_downloads.php on line 6
[27-Mar-2026 13:46:18 Australia/Sydney] PHP Fatal error:  Uncaught PDOException: SQLSTATE[HY000]: General error: 1364 Field 'token' doesn't have a default value in /Users/patorama/vibe_coding_projects/Goldwing Website/public_html/admin/members/actions.php:1688
Stack trace:
#0 /Users/patorama/vibe_coding_projects/Goldwing Website/public_html/admin/members/actions.php(1688): PDOStatement->execute(Array)
#1 {main}
  thrown in /Users/patorama/vibe_coding_projects/Goldwing Website/public_html/admin/members/actions.php on line 1688
[27-Mar-2026 13:46:32 Australia/Sydney] PHP Fatal error:  Uncaught PDOException: SQLSTATE[HY000]: General error: 1364 Field 'token' doesn't have a default value in /Users/patorama/vibe_coding_projects/Goldwing Website/public_html/admin/members/actions.php:1688
Stack trace:
#0 /Users/patorama/vibe_coding_projects/Goldwing Website/public_html/admin/members/actions.php(1688): PDOStatement->execute(Array)
#1 {main}
  thrown in /Users/patorama/vibe_coding_projects/Goldwing Website/public_html/admin/members/actions.php on line 1688
[27-Mar-2026 13:47:24 Australia/Sydney] PHP Fatal error:  Uncaught Error: Class "Database" not found in Command line code:1
Stack trace:
#0 {main}
  thrown in Command line code on line 1
[27-Mar-2026 13:49:01 Australia/Sydney] PHP Fatal error:  Uncaught Error: Class "Database" not found in Command line code:1
Stack trace:
#0 {main}
  thrown in Command line code on line 1
[27-Mar-2026 14:05:55 Australia/Sydney] PHP Fatal error:  Uncaught PDOException: SQLSTATE[HY000]: General error: 1364 Field 'created_at' doesn't have a default value in Command line code:1
Stack trace:
#0 Command line code(1): PDOStatement->execute()
#1 {main}
  thrown in Command line code on line 1
[27-Mar-2026 15:45:03 Australia/Sydney] PHP Fatal error:  Uncaught PDOException: SQLSTATE[42S02]: Base table or view not found: 1146 Table 'goldwing.global_settings' doesn't exist in Command line code:1
Stack trace:
#0 Command line code(1): PDO->query('SELECT setting_...')
#1 {main}
  thrown in Command line code on line 1
[27-Mar-2026 15:45:17 Australia/Sydney] PHP Fatal error:  Uncaught PDOException: SQLSTATE[42S02]: Base table or view not found: 1146 Table 'goldwing.settings' doesn't exist in Command line code:1
Stack trace:
#0 Command line code(1): PDO->query('SELECT setting_...')
#1 {main}
  thrown in Command line code on line 1
[27-Mar-2026 15:53:30 Australia/Sydney] [Admin] Password reset email sent for member #9.
[27-Mar-2026 16:13:30 Australia/Sydney] [Admin] Password reset email sent for member #9.
[27-Mar-2026 17:25:39 Australia/Sydney] PHP Fatal error:  Uncaught PDOException: SQLSTATE[42S22]: Column not found: 1054 Unknown column 'roles' in 'field list' in Command line code:1
Stack trace:
#0 Command line code(1): PDO->query('SELECT email, r...')
#1 {main}
  thrown in Command line code on line 1
